This file contains any messages produced by compilers while
running configure, to aid debugging if configure makes a mistake.

It was created by libcoap configure 4.1.2, which was
generated by GNU Autoconf 2.68.  Invocation command line was

  $ ./configure --enable-documentation=no

## --------- ##
## Platform. ##
## --------- ##

hostname = VMX01
uname -m = x86_64
uname -r = 3.2.0-30-generic
uname -s = Linux
uname -v = #48-Ubuntu SMP Fri Aug 24 16:52:48 UTC 2012

/usr/bin/uname -p = unknown
/bin/uname -X     = unknown

/bin/arch              = unknown
/usr/bin/arch -k       = unknown
/usr/convex/getsysinfo = unknown
/usr/bin/hostinfo      = unknown
/bin/machine           = unknown
/usr/bin/oslevel       = unknown
/bin/universe          = unknown

PATH: /home/vmx/bin
PATH: /usr/lib/lightdm/lightdm
PATH: /usr/local/sbin
PATH: /usr/local/bin
PATH: /usr/sbin
PATH: /usr/bin
PATH: /sbin
PATH: /bin
PATH: /usr/games
PATH: /usr/lib/jvm/java-8-oracle/bin
PATH: /usr/lib/jvm/java-8-oracle/db/bin
PATH: /usr/lib/jvm/java-8-oracle/jre/bin


## ----------- ##
## Core tests. ##
## ----------- ##

configure:2372: checking for a BSD-compatible install
configure:2440: result: /usr/bin/install -c
configure:2451: checking whether build environment is sane
configure:2501: result: yes
configure:2642: checking for a thread-safe mkdir -p
configure:2681: result: /bin/mkdir -p
configure:2694: checking for gawk
configure:2724: result: no
configure:2694: checking for mawk
configure:2710: found /usr/bin/mawk
configure:2721: result: mawk
configure:2732: checking whether make sets $(MAKE)
configure:2754: result: yes
configure:2880: checking for gcc
configure:2896: found /usr/bin/gcc
configure:2907: result: gcc
configure:3136: checking for C compiler version
configure:3145: gcc --version >&5
gcc (Ubuntu/Linaro 4.6.3-1ubuntu5) 4.6.3
Copyright (C) 2011 Free Software Foundation, Inc.
This is free software; see the source for copying conditions.  There is NO
warranty; not even for MERCHANTABILITY or FITNESS FOR A PARTICULAR PURPOSE.

configure:3156: $? = 0
configure:3145: gcc -v >&5
Using built-in specs.
COLLECT_GCC=gcc
COLLECT_LTO_WRAPPER=/usr/lib/gcc/x86_64-linux-gnu/4.6/lto-wrapper
Target: x86_64-linux-gnu
Configured with: ../src/configure -v --with-pkgversion='Ubuntu/Linaro 4.6.3-1ubuntu5' --with-bugurl=file:///usr/share/doc/gcc-4.6/README.Bugs --enable-languages=c,c++,fortran,objc,obj-c++ --prefix=/usr --program-suffix=-4.6 --enable-shared --enable-linker-build-id --with-system-zlib --libexecdir=/usr/lib --without-included-gettext --enable-threads=posix --with-gxx-include-dir=/usr/include/c++/4.6 --libdir=/usr/lib --enable-nls --with-sysroot=/ --enable-clocale=gnu --enable-libstdcxx-debug --enable-libstdcxx-time=yes --enable-gnu-unique-object --enable-plugin --enable-objc-gc --disable-werror --with-arch-32=i686 --with-tune=generic --enable-checking=release --build=x86_64-linux-gnu --host=x86_64-linux-gnu --target=x86_64-linux-gnu
Thread model: posix
gcc version 4.6.3 (Ubuntu/Linaro 4.6.3-1ubuntu5) 
configure:3156: $? = 0
configure:3145: gcc -V >&5
gcc: error: unrecognized option '-V'
gcc: fatal error: no input files
compilation terminated.
configure:3156: $? = 4
configure:3145: gcc -qversion >&5
gcc: error: unrecognized option '-qversion'
gcc: fatal error: no input files
compilation terminated.
configure:3156: $? = 4
configure:3176: checking whether the C compiler works
configure:3198: gcc    conftest.c  >&5
configure:3202: $? = 0
configure:3250: result: yes
configure:3253: checking for C compiler default output file name
configure:3255: result: a.out
configure:3261: checking for suffix of executables
configure:3268: gcc -o conftest    conftest.c  >&5
configure:3272: $? = 0
configure:3294: result: 
configure:3316: checking whether we are cross compiling
configure:3324: gcc -o conftest    conftest.c  >&5
configure:3328: $? = 0
configure:3335: ./conftest
configure:3339: $? = 0
configure:3354: result: no
configure:3359: checking for suffix of object files
configure:3381: gcc -c   conftest.c >&5
configure:3385: $? = 0
configure:3406: result: o
configure:3410: checking whether we are using the GNU C compiler
configure:3429: gcc -c   conftest.c >&5
configure:3429: $? = 0
configure:3438: result: yes
configure:3447: checking whether gcc accepts -g
configure:3467: gcc -c -g  conftest.c >&5
configure:3467: $? = 0
configure:3508: result: yes
configure:3525: checking for gcc option to accept ISO C89
configure:3589: gcc  -c -g -O2  conftest.c >&5
configure:3589: $? = 0
configure:3602: result: none needed
configure:3633: checking for style of include used by make
configure:3661: result: GNU
configure:3687: checking dependency style of gcc
configure:3798: result: gcc3
configure:3814: checking whether gcc and cc understand -c and -o together
configure:3845: gcc -c conftest.c -o conftest2.o >&5
configure:3849: $? = 0
configure:3855: gcc -c conftest.c -o conftest2.o >&5
configure:3859: $? = 0
configure:3870: cc -c conftest.c >&5
configure:3874: $? = 0
configure:3882: cc -c conftest.c -o conftest2.o >&5
configure:3886: $? = 0
configure:3892: cc -c conftest.c -o conftest2.o >&5
configure:3896: $? = 0
configure:3914: result: yes
configure:3991: checking for ar
configure:4007: found /usr/bin/ar
configure:4018: result: ar
configure:4044: checking the archiver (ar) interface
configure:4054: gcc -c -g -O2  conftest.c >&5
configure:4054: $? = 0
configure:4056: ar cru libconftest.a conftest.o >&5
configure:4059: $? = 0
configure:4082: result: ar
configure:4134: checking build system type
configure:4148: result: x86_64-unknown-linux-gnu
configure:4168: checking host system type
configure:4181: result: x86_64-unknown-linux-gnu
configure:4222: checking how to print strings
configure:4249: result: printf
configure:4270: checking for a sed that does not truncate output
configure:4334: result: /bin/sed
configure:4352: checking for grep that handles long lines and -e
configure:4410: result: /bin/grep
configure:4415: checking for egrep
configure:4477: result: /bin/grep -E
configure:4482: checking for fgrep
configure:4544: result: /bin/grep -F
configure:4579: checking for ld used by gcc
configure:4646: result: /usr/bin/ld
configure:4653: checking if the linker (/usr/bin/ld) is GNU ld
configure:4668: result: yes
configure:4680: checking for BSD- or MS-compatible name lister (nm)
configure:4729: result: /usr/bin/nm -B
configure:4859: checking the name lister (/usr/bin/nm -B) interface
configure:4866: gcc -c -g -O2  conftest.c >&5
configure:4869: /usr/bin/nm -B "conftest.o"
configure:4872: output
0000000000000000 B some_variable
configure:4879: result: BSD nm
configure:4882: checking whether ln -s works
configure:4886: result: yes
configure:4894: checking the maximum length of command line arguments
configure:5024: result: 1572864
configure:5041: checking whether the shell understands some XSI constructs
configure:5051: result: yes
configure:5055: checking whether the shell understands "+="
configure:5061: result: yes
configure:5096: checking how to convert x86_64-unknown-linux-gnu file names to x86_64-unknown-linux-gnu format
configure:5136: result: func_convert_file_noop
configure:5143: checking how to convert x86_64-unknown-linux-gnu file names to toolchain format
configure:5163: result: func_convert_file_noop
configure:5170: checking for /usr/bin/ld option to reload object files
configure:5177: result: -r
configure:5251: checking for objdump
configure:5267: found /usr/bin/objdump
configure:5278: result: objdump
configure:5310: checking how to recognize dependent libraries
configure:5512: result: pass_all
configure:5597: checking for dlltool
configure:5627: result: no
configure:5657: checking how to associate runtime and link libraries
configure:5684: result: printf %s\n
configure:5808: checking for archiver @FILE support
configure:5825: gcc -c -g -O2  conftest.c >&5
configure:5825: $? = 0
configure:5828: ar cru libconftest.a @conftest.lst >&5
configure:5831: $? = 0
configure:5836: ar cru libconftest.a @conftest.lst >&5
ar: conftest.o: No such file or directory
configure:5839: $? = 1
configure:5851: result: @
configure:5909: checking for strip
configure:5925: found /usr/bin/strip
configure:5936: result: strip
configure:6008: checking for ranlib
configure:6024: found /usr/bin/ranlib
configure:6035: result: ranlib
configure:6137: checking command to parse /usr/bin/nm -B output from gcc object
configure:6257: gcc -c -g -O2  conftest.c >&5
configure:6260: $? = 0
configure:6264: /usr/bin/nm -B conftest.o \| sed -n -e 's/^.*[ ]\([ABCDGIRSTW][ABCDGIRSTW]*\)[ ][ ]*\([_A-Za-z][_A-Za-z0-9]*\)$/\1 \2 \2/p' | sed '/ __gnu_lto/d' \> conftest.nm
configure:6267: $? = 0
configure:6333: gcc -o conftest -g -O2   conftest.c conftstm.o >&5
configure:6336: $? = 0
configure:6374: result: ok
configure:6411: checking for sysroot
configure:6441: result: no
configure:6518: gcc -c -g -O2  conftest.c >&5
configure:6521: $? = 0
configure:6697: checking for mt
configure:6713: found /bin/mt
configure:6724: result: mt
configure:6747: checking if mt is a manifest tool
configure:6753: mt '-?'
configure:6761: result: no
configure:7403: checking how to run the C preprocessor
configure:7434: gcc -E  conftest.c
configure:7434: $? = 0
configure:7448: gcc -E  conftest.c
conftest.c:9:28: fatal error: ac_nonexistent.h: No such file or directory
compilation terminated.
configure:7448: $? = 1
configure: failed program was:
| /* confdefs.h */
| #define PACKAGE_NAME "libcoap"
| #define PACKAGE_TARNAME "libcoap"
| #define PACKAGE_VERSION "4.1.2"
| #define PACKAGE_STRING "libcoap 4.1.2"
| #define PACKAGE_BUGREPORT "libcoap-developers@lists.sourceforge.net"
| #define PACKAGE_URL "https://libcoap.net/"
| /* end confdefs.h.  */
| #include <ac_nonexistent.h>
configure:7473: result: gcc -E
configure:7493: gcc -E  conftest.c
configure:7493: $? = 0
configure:7507: gcc -E  conftest.c
conftest.c:9:28: fatal error: ac_nonexistent.h: No such file or directory
compilation terminated.
configure:7507: $? = 1
configure: failed program was:
| /* confdefs.h */
| #define PACKAGE_NAME "libcoap"
| #define PACKAGE_TARNAME "libcoap"
| #define PACKAGE_VERSION "4.1.2"
| #define PACKAGE_STRING "libcoap 4.1.2"
| #define PACKAGE_BUGREPORT "libcoap-developers@lists.sourceforge.net"
| #define PACKAGE_URL "https://libcoap.net/"
| /* end confdefs.h.  */
| #include <ac_nonexistent.h>
configure:7536: checking for ANSI C header files
configure:7556: gcc -c -g -O2  conftest.c >&5
configure:7556: $? = 0
configure:7629: gcc -o conftest -g -O2   conftest.c  >&5
configure:7629: $? = 0
configure:7629: ./conftest
configure:7629: $? = 0
configure:7640: result: yes
configure:7653: checking for sys/types.h
configure:7653: gcc -c -g -O2  conftest.c >&5
configure:7653: $? = 0
configure:7653: result: yes
configure:7653: checking for sys/stat.h
configure:7653: gcc -c -g -O2  conftest.c >&5
configure:7653: $? = 0
configure:7653: result: yes
configure:7653: checking for stdlib.h
configure:7653: gcc -c -g -O2  conftest.c >&5
configure:7653: $? = 0
configure:7653: result: yes
configure:7653: checking for string.h
configure:7653: gcc -c -g -O2  conftest.c >&5
configure:7653: $? = 0
configure:7653: result: yes
configure:7653: checking for memory.h
configure:7653: gcc -c -g -O2  conftest.c >&5
configure:7653: $? = 0
configure:7653: result: yes
configure:7653: checking for strings.h
configure:7653: gcc -c -g -O2  conftest.c >&5
configure:7653: $? = 0
configure:7653: result: yes
configure:7653: checking for inttypes.h
configure:7653: gcc -c -g -O2  conftest.c >&5
configure:7653: $? = 0
configure:7653: result: yes
configure:7653: checking for stdint.h
configure:7653: gcc -c -g -O2  conftest.c >&5
configure:7653: $? = 0
configure:7653: result: yes
configure:7653: checking for unistd.h
configure:7653: gcc -c -g -O2  conftest.c >&5
configure:7653: $? = 0
configure:7653: result: yes
configure:7667: checking for dlfcn.h
configure:7667: gcc -c -g -O2  conftest.c >&5
configure:7667: $? = 0
configure:7667: result: yes
configure:7871: checking for objdir
configure:7886: result: .libs
configure:8157: checking if gcc supports -fno-rtti -fno-exceptions
configure:8175: gcc -c -g -O2  -fno-rtti -fno-exceptions conftest.c >&5
cc1: warning: command line option '-fno-rtti' is valid for C++/ObjC++ but not for C [enabled by default]
configure:8179: $? = 0
configure:8192: result: no
configure:8519: checking for gcc option to produce PIC
configure:8526: result: -fPIC -DPIC
configure:8534: checking if gcc PIC flag -fPIC -DPIC works
configure:8552: gcc -c -g -O2  -fPIC -DPIC -DPIC conftest.c >&5
configure:8556: $? = 0
configure:8569: result: yes
configure:8598: checking if gcc static flag -static works
configure:8626: result: yes
configure:8641: checking if gcc supports -c -o file.o
configure:8662: gcc -c -g -O2  -o out/conftest2.o conftest.c >&5
configure:8666: $? = 0
configure:8688: result: yes
configure:8696: checking if gcc supports -c -o file.o
configure:8743: result: yes
configure:8776: checking whether the gcc linker (/usr/bin/ld -m elf_x86_64) supports shared libraries
configure:9933: result: yes
configure:9970: checking whether -lc should be explicitly linked in
configure:9978: gcc -c -g -O2  conftest.c >&5
configure:9981: $? = 0
configure:9996: gcc -shared  -fPIC -DPIC conftest.o  -v -Wl,-soname -Wl,conftest -o conftest 2\>\&1 \| /bin/grep  -lc  \>/dev/null 2\>\&1
configure:9999: $? = 0
configure:10013: result: no
configure:10173: checking dynamic linker characteristics
configure:10684: gcc -o conftest -g -O2   -Wl,-rpath -Wl,/foo conftest.c  >&5
configure:10684: $? = 0
configure:10918: result: GNU/Linux ld.so
configure:11025: checking how to hardcode library paths into programs
configure:11050: result: immediate
configure:11590: checking whether stripping libraries is possible
configure:11595: result: yes
configure:11630: checking if libtool supports shared libraries
configure:11632: result: yes
configure:11635: checking whether to build shared libraries
configure:11656: result: yes
configure:11659: checking whether to build static libraries
configure:11663: result: yes
configure:11783: checking whether C compiler accepts -Wlogical-op
configure:11802: gcc -c -g -O2 -Werror -Wlogical-op  conftest.c >&5
configure:11802: $? = 0
configure:11810: result: yes
configure:11818: checking whether C compiler accepts -fdiagnostics-color
configure:11837: gcc -c -g -O2 -Werror -fdiagnostics-color  conftest.c >&5
cc1: error: unrecognized command line option '-fdiagnostics-color'
configure:11837: $? = 1
configure: failed program was:
| /* confdefs.h */
| #define PACKAGE_NAME "libcoap"
| #define PACKAGE_TARNAME "libcoap"
| #define PACKAGE_VERSION "4.1.2"
| #define PACKAGE_STRING "libcoap 4.1.2"
| #define PACKAGE_BUGREPORT "libcoap-developers@lists.sourceforge.net"
| #define PACKAGE_URL "https://libcoap.net/"
| #define STDC_HEADERS 1
| #define HAVE_SYS_TYPES_H 1
| #define HAVE_SYS_STAT_H 1
| #define HAVE_STDLIB_H 1
| #define HAVE_STRING_H 1
| #define HAVE_MEMORY_H 1
| #define HAVE_STRINGS_H 1
| #define HAVE_INTTYPES_H 1
| #define HAVE_STDINT_H 1
| #define HAVE_UNISTD_H 1
| #define HAVE_DLFCN_H 1
| #define LT_OBJDIR ".libs/"
| /* end confdefs.h.  */
| 
| int
| main ()
| {
| 
|   ;
|   return 0;
| }
configure:11845: result: no
configure:11857: checking whether the linker accepts -Wl,--version-script=./libcoap-1.map
configure:11876: gcc -o conftest -g -O2    -Wl,--version-script=./libcoap-1.map conftest.c  >&5
configure:11876: $? = 0
configure:11886: result: yes
configure:12285: checking for ctags
configure:12303: found /usr/bin/ctags
configure:12315: result: /usr/bin/ctags
configure:12348: checking assert.h usability
configure:12348: gcc -c -g -O2  conftest.c >&5
configure:12348: $? = 0
configure:12348: result: yes
configure:12348: checking assert.h presence
configure:12348: gcc -E  conftest.c
configure:12348: $? = 0
configure:12348: result: yes
configure:12348: checking for assert.h
configure:12348: result: yes
configure:12348: checking arpa/inet.h usability
configure:12348: gcc -c -g -O2  conftest.c >&5
configure:12348: $? = 0
configure:12348: result: yes
configure:12348: checking arpa/inet.h presence
configure:12348: gcc -E  conftest.c
configure:12348: $? = 0
configure:12348: result: yes
configure:12348: checking for arpa/inet.h
configure:12348: result: yes
configure:12348: checking limits.h usability
configure:12348: gcc -c -g -O2  conftest.c >&5
configure:12348: $? = 0
configure:12348: result: yes
configure:12348: checking limits.h presence
configure:12348: gcc -E  conftest.c
configure:12348: $? = 0
configure:12348: result: yes
configure:12348: checking for limits.h
configure:12348: result: yes
configure:12348: checking netdb.h usability
configure:12348: gcc -c -g -O2  conftest.c >&5
configure:12348: $? = 0
configure:12348: result: yes
configure:12348: checking netdb.h presence
configure:12348: gcc -E  conftest.c
configure:12348: $? = 0
configure:12348: result: yes
configure:12348: checking for netdb.h
configure:12348: result: yes
configure:12348: checking netinet/in.h usability
configure:12348: gcc -c -g -O2  conftest.c >&5
configure:12348: $? = 0
configure:12348: result: yes
configure:12348: checking netinet/in.h presence
configure:12348: gcc -E  conftest.c
configure:12348: $? = 0
configure:12348: result: yes
configure:12348: checking for netinet/in.h
configure:12348: result: yes
configure:12348: checking for stdlib.h
configure:12348: result: yes
configure:12348: checking for string.h
configure:12348: result: yes
configure:12348: checking for strings.h
configure:12348: result: yes
configure:12348: checking sys/socket.h usability
configure:12348: gcc -c -g -O2  conftest.c >&5
configure:12348: $? = 0
configure:12348: result: yes
configure:12348: checking sys/socket.h presence
configure:12348: gcc -E  conftest.c
configure:12348: $? = 0
configure:12348: result: yes
configure:12348: checking for sys/socket.h
configure:12348: result: yes
configure:12348: checking sys/time.h usability
configure:12348: gcc -c -g -O2  conftest.c >&5
configure:12348: $? = 0
configure:12348: result: yes
configure:12348: checking sys/time.h presence
configure:12348: gcc -E  conftest.c
configure:12348: $? = 0
configure:12348: result: yes
configure:12348: checking for sys/time.h
configure:12348: result: yes
configure:12348: checking time.h usability
configure:12348: gcc -c -g -O2  conftest.c >&5
configure:12348: $? = 0
configure:12348: result: yes
configure:12348: checking time.h presence
configure:12348: gcc -E  conftest.c
configure:12348: $? = 0
configure:12348: result: yes
configure:12348: checking for time.h
configure:12348: result: yes
configure:12348: checking for unistd.h
configure:12348: result: yes
configure:12348: checking sys/unistd.h usability
configure:12348: gcc -c -g -O2  conftest.c >&5
configure:12348: $? = 0
configure:12348: result: yes
configure:12348: checking sys/unistd.h presence
configure:12348: gcc -E  conftest.c
configure:12348: $? = 0
configure:12348: result: yes
configure:12348: checking for sys/unistd.h
configure:12348: result: yes
configure:12348: checking syslog.h usability
configure:12348: gcc -c -g -O2  conftest.c >&5
configure:12348: $? = 0
configure:12348: result: yes
configure:12348: checking syslog.h presence
configure:12348: gcc -E  conftest.c
configure:12348: $? = 0
configure:12348: result: yes
configure:12348: checking for syslog.h
configure:12348: result: yes
configure:12360: checking for size_t
configure:12360: gcc -c -g -O2  conftest.c >&5
configure:12360: $? = 0
configure:12360: gcc -c -g -O2  conftest.c >&5
conftest.c: In function 'main':
conftest.c:71:21: error: expected expression before ')' token
configure:12360: $? = 1
configure: failed program was:
| /* confdefs.h */
| #define PACKAGE_NAME "libcoap"
| #define PACKAGE_TARNAME "libcoap"
| #define PACKAGE_VERSION "4.1.2"
| #define PACKAGE_STRING "libcoap 4.1.2"
| #define PACKAGE_BUGREPORT "libcoap-developers@lists.sourceforge.net"
| #define PACKAGE_URL "https://libcoap.net/"
| #define STDC_HEADERS 1
| #define HAVE_SYS_TYPES_H 1
| #define HAVE_SYS_STAT_H 1
| #define HAVE_STDLIB_H 1
| #define HAVE_STRING_H 1
| #define HAVE_MEMORY_H 1
| #define HAVE_STRINGS_H 1
| #define HAVE_INTTYPES_H 1
| #define HAVE_STDINT_H 1
| #define HAVE_UNISTD_H 1
| #define HAVE_DLFCN_H 1
| #define LT_OBJDIR ".libs/"
| #define HAVE_ASSERT_H 1
| #define HAVE_ARPA_INET_H 1
| #define HAVE_LIMITS_H 1
| #define HAVE_NETDB_H 1
| #define HAVE_NETINET_IN_H 1
| #define HAVE_STDLIB_H 1
| #define HAVE_STRING_H 1
| #define HAVE_STRINGS_H 1
| #define HAVE_SYS_SOCKET_H 1
| #define HAVE_SYS_TIME_H 1
| #define HAVE_TIME_H 1
| #define HAVE_UNISTD_H 1
| #define HAVE_SYS_UNISTD_H 1
| #define HAVE_SYSLOG_H 1
| /* end confdefs.h.  */
| #include <stdio.h>
| #ifdef HAVE_SYS_TYPES_H
| # include <sys/types.h>
| #endif
| #ifdef HAVE_SYS_STAT_H
| # include <sys/stat.h>
| #endif
| #ifdef STDC_HEADERS
| # include <stdlib.h>
| # include <stddef.h>
| #else
| # ifdef HAVE_STDLIB_H
| #  include <stdlib.h>
| # endif
| #endif
| #ifdef HAVE_STRING_H
| # if !defined STDC_HEADERS && defined HAVE_MEMORY_H
| #  include <memory.h>
| # endif
| # include <string.h>
| #endif
| #ifdef HAVE_STRINGS_H
| # include <strings.h>
| #endif
| #ifdef HAVE_INTTYPES_H
| # include <inttypes.h>
| #endif
| #ifdef HAVE_STDINT_H
| # include <stdint.h>
| #endif
| #ifdef HAVE_UNISTD_H
| # include <unistd.h>
| #endif
| int
| main ()
| {
| if (sizeof ((size_t)))
| 	    return 0;
|   ;
|   return 0;
| }
configure:12360: result: yes
configure:12371: checking for ssize_t
configure:12371: gcc -c -g -O2  conftest.c >&5
configure:12371: $? = 0
configure:12371: gcc -c -g -O2  conftest.c >&5
conftest.c: In function 'main':
conftest.c:71:22: error: expected expression before ')' token
configure:12371: $? = 1
configure: failed program was:
| /* confdefs.h */
| #define PACKAGE_NAME "libcoap"
| #define PACKAGE_TARNAME "libcoap"
| #define PACKAGE_VERSION "4.1.2"
| #define PACKAGE_STRING "libcoap 4.1.2"
| #define PACKAGE_BUGREPORT "libcoap-developers@lists.sourceforge.net"
| #define PACKAGE_URL "https://libcoap.net/"
| #define STDC_HEADERS 1
| #define HAVE_SYS_TYPES_H 1
| #define HAVE_SYS_STAT_H 1
| #define HAVE_STDLIB_H 1
| #define HAVE_STRING_H 1
| #define HAVE_MEMORY_H 1
| #define HAVE_STRINGS_H 1
| #define HAVE_INTTYPES_H 1
| #define HAVE_STDINT_H 1
| #define HAVE_UNISTD_H 1
| #define HAVE_DLFCN_H 1
| #define LT_OBJDIR ".libs/"
| #define HAVE_ASSERT_H 1
| #define HAVE_ARPA_INET_H 1
| #define HAVE_LIMITS_H 1
| #define HAVE_NETDB_H 1
| #define HAVE_NETINET_IN_H 1
| #define HAVE_STDLIB_H 1
| #define HAVE_STRING_H 1
| #define HAVE_STRINGS_H 1
| #define HAVE_SYS_SOCKET_H 1
| #define HAVE_SYS_TIME_H 1
| #define HAVE_TIME_H 1
| #define HAVE_UNISTD_H 1
| #define HAVE_SYS_UNISTD_H 1
| #define HAVE_SYSLOG_H 1
| /* end confdefs.h.  */
| #include <stdio.h>
| #ifdef HAVE_SYS_TYPES_H
| # include <sys/types.h>
| #endif
| #ifdef HAVE_SYS_STAT_H
| # include <sys/stat.h>
| #endif
| #ifdef STDC_HEADERS
| # include <stdlib.h>
| # include <stddef.h>
| #else
| # ifdef HAVE_STDLIB_H
| #  include <stdlib.h>
| # endif
| #endif
| #ifdef HAVE_STRING_H
| # if !defined STDC_HEADERS && defined HAVE_MEMORY_H
| #  include <memory.h>
| # endif
| # include <string.h>
| #endif
| #ifdef HAVE_STRINGS_H
| # include <strings.h>
| #endif
| #ifdef HAVE_INTTYPES_H
| # include <inttypes.h>
| #endif
| #ifdef HAVE_STDINT_H
| # include <stdint.h>
| #endif
| #ifdef HAVE_UNISTD_H
| # include <unistd.h>
| #endif
| int
| main ()
| {
| if (sizeof ((ssize_t)))
| 	    return 0;
|   ;
|   return 0;
| }
configure:12371: result: yes
configure:12386: checking for stdlib.h
configure:12386: result: yes
configure:12396: checking for GNU libc compatible malloc
configure:12420: gcc -o conftest -g -O2   conftest.c  >&5
configure:12420: $? = 0
configure:12420: ./conftest
configure:12420: $? = 0
configure:12430: result: yes
configure:12455: checking for memset
configure:12455: gcc -o conftest -g -O2   conftest.c  >&5
conftest.c:60:6: warning: conflicting types for built-in function 'memset' [enabled by default]
configure:12455: $? = 0
configure:12455: result: yes
configure:12455: checking for select
configure:12455: gcc -o conftest -g -O2   conftest.c  >&5
configure:12455: $? = 0
configure:12455: result: yes
configure:12455: checking for socket
configure:12455: gcc -o conftest -g -O2   conftest.c  >&5
configure:12455: $? = 0
configure:12455: result: yes
configure:12455: checking for strcasecmp
configure:12455: gcc -o conftest -g -O2   conftest.c  >&5
conftest.c:63:6: warning: conflicting types for built-in function 'strcasecmp' [enabled by default]
configure:12455: $? = 0
configure:12455: result: yes
configure:12455: checking for strrchr
configure:12455: gcc -o conftest -g -O2   conftest.c  >&5
conftest.c:64:6: warning: conflicting types for built-in function 'strrchr' [enabled by default]
configure:12455: $? = 0
configure:12455: result: yes
configure:12455: checking for getaddrinfo
configure:12455: gcc -o conftest -g -O2   conftest.c  >&5
configure:12455: $? = 0
configure:12455: result: yes
configure:12455: checking for strnlen
configure:12455: gcc -o conftest -g -O2   conftest.c  >&5
configure:12455: $? = 0
configure:12455: result: yes
configure:12466: checking for library containing socket
configure:12497: gcc -o conftest -g -O2   conftest.c  >&5
configure:12497: $? = 0
configure:12514: result: none required
configure:12522: checking for library containing inet_ntop
configure:12553: gcc -o conftest -g -O2   conftest.c  >&5
configure:12553: $? = 0
configure:12570: result: none required
configure:12580: checking for library containing clock_gettime
configure:12611: gcc -o conftest -g -O2   conftest.c  >&5
/tmp/ccbOd7KG.o: In function `main':
/home/vmx/Desktop/LibCOAP/libcoap-develop/conftest.c:55: undefined reference to `clock_gettime'
collect2: ld returned 1 exit status
configure:12611: $? = 1
configure: failed program was:
| /* confdefs.h */
| #define PACKAGE_NAME "libcoap"
| #define PACKAGE_TARNAME "libcoap"
| #define PACKAGE_VERSION "4.1.2"
| #define PACKAGE_STRING "libcoap 4.1.2"
| #define PACKAGE_BUGREPORT "libcoap-developers@lists.sourceforge.net"
| #define PACKAGE_URL "https://libcoap.net/"
| #define STDC_HEADERS 1
| #define HAVE_SYS_TYPES_H 1
| #define HAVE_SYS_STAT_H 1
| #define HAVE_STDLIB_H 1
| #define HAVE_STRING_H 1
| #define HAVE_MEMORY_H 1
| #define HAVE_STRINGS_H 1
| #define HAVE_INTTYPES_H 1
| #define HAVE_STDINT_H 1
| #define HAVE_UNISTD_H 1
| #define HAVE_DLFCN_H 1
| #define LT_OBJDIR ".libs/"
| #define HAVE_ASSERT_H 1
| #define HAVE_ARPA_INET_H 1
| #define HAVE_LIMITS_H 1
| #define HAVE_NETDB_H 1
| #define HAVE_NETINET_IN_H 1
| #define HAVE_STDLIB_H 1
| #define HAVE_STRING_H 1
| #define HAVE_STRINGS_H 1
| #define HAVE_SYS_SOCKET_H 1
| #define HAVE_SYS_TIME_H 1
| #define HAVE_TIME_H 1
| #define HAVE_UNISTD_H 1
| #define HAVE_SYS_UNISTD_H 1
| #define HAVE_SYSLOG_H 1
| #define HAVE_STDLIB_H 1
| #define HAVE_MALLOC 1
| #define HAVE_MEMSET 1
| #define HAVE_SELECT 1
| #define HAVE_SOCKET 1
| #define HAVE_STRCASECMP 1
| #define HAVE_STRRCHR 1
| #define HAVE_GETADDRINFO 1
| #define HAVE_STRNLEN 1
| /* end confdefs.h.  */
| 
| /* Override any GCC internal prototype to avoid an error.
|    Use char because int might match the return type of a GCC
|    builtin and then its argument prototype would still apply.  */
| #ifdef __cplusplus
| extern "C"
| #endif
| char clock_gettime ();
| int
| main ()
| {
| return clock_gettime ();
|   ;
|   return 0;
| }
configure:12611: gcc -o conftest -g -O2   conftest.c -lrt   >&5
configure:12611: $? = 0
configure:12628: result: -lrt
configure:12637: checking operating system
configure:12645: result: Linux
configure:12846: creating ./config.status

## ---------------------- ##
## Running config.status. ##
## ---------------------- ##

This file was extended by libcoap config.status 4.1.2, which was
generated by GNU Autoconf 2.68.  Invocation command line was

  CONFIG_FILES    = 
  CONFIG_HEADERS  = 
  CONFIG_LINKS    = 
  CONFIG_COMMANDS = 
  $ ./config.status 

on VMX01

config.status:1144: creating Makefile
config.status:1144: creating doc/Makefile
config.status:1144: creating examples/Makefile
config.status:1144: creating examples/coap-client.txt
config.status:1144: creating examples/coap-server.txt
config.status:1144: creating examples/coap-rd.txt
config.status:1144: creating include/coap/coap.h
config.status:1144: creating tests/Makefile
config.status:1144: creating libcoap-1.pc
config.status:1144: creating coap_config.h
config.status:1373: executing depfiles commands
config.status:1373: executing libtool commands
configure:15100: result:
libcoap configuration summary:
      libcoap package version : "4.1.2"
      libcoap library version : "0.0.0"
      libcoap API version     : "1"
      host system             : "x86_64-unknown-linux-gnu"
configure:15121: result:       build documentation     : "no"
configure:15129: result:       build unit test binary  : "no"
configure:15133: result:       build examples          : "yes"
configure:15139: result:              -->  use a2x     : "no"

## ---------------- ##
## Cache variables. ##
## ---------------- ##

ac_cv_build=x86_64-unknown-linux-gnu
ac_cv_c_compiler_gnu=yes
ac_cv_env_A2X_set=
ac_cv_env_A2X_value=
ac_cv_env_CC_set=
ac_cv_env_CC_value=
ac_cv_env_CFLAGS_set=
ac_cv_env_CFLAGS_value=
ac_cv_env_CPPFLAGS_set=
ac_cv_env_CPPFLAGS_value=
ac_cv_env_CPP_set=
ac_cv_env_CPP_value=
ac_cv_env_CTAGS_PROG_set=
ac_cv_env_CTAGS_PROG_value=
ac_cv_env_LDFLAGS_set=
ac_cv_env_LDFLAGS_value=
ac_cv_env_LIBS_set=
ac_cv_env_LIBS_value=
ac_cv_env_build_alias_set=
ac_cv_env_build_alias_value=
ac_cv_env_host_alias_set=
ac_cv_env_host_alias_value=
ac_cv_env_target_alias_set=
ac_cv_env_target_alias_value=
ac_cv_func_getaddrinfo=yes
ac_cv_func_malloc_0_nonnull=yes
ac_cv_func_memset=yes
ac_cv_func_select=yes
ac_cv_func_socket=yes
ac_cv_func_strcasecmp=yes
ac_cv_func_strnlen=yes
ac_cv_func_strrchr=yes
ac_cv_header_arpa_inet_h=yes
ac_cv_header_assert_h=yes
ac_cv_header_dlfcn_h=yes
ac_cv_header_inttypes_h=yes
ac_cv_header_limits_h=yes
ac_cv_header_memory_h=yes
ac_cv_header_netdb_h=yes
ac_cv_header_netinet_in_h=yes
ac_cv_header_stdc=yes
ac_cv_header_stdint_h=yes
ac_cv_header_stdlib_h=yes
ac_cv_header_string_h=yes
ac_cv_header_strings_h=yes
ac_cv_header_sys_socket_h=yes
ac_cv_header_sys_stat_h=yes
ac_cv_header_sys_time_h=yes
ac_cv_header_sys_types_h=yes
ac_cv_header_sys_unistd_h=yes
ac_cv_header_syslog_h=yes
ac_cv_header_time_h=yes
ac_cv_header_unistd_h=yes
ac_cv_host=x86_64-unknown-linux-gnu
ac_cv_objext=o
ac_cv_path_CTAGS_PROG=/usr/bin/ctags
ac_cv_path_EGREP='/bin/grep -E'
ac_cv_path_FGREP='/bin/grep -F'
ac_cv_path_GREP=/bin/grep
ac_cv_path_SED=/bin/sed
ac_cv_path_install='/usr/bin/install -c'
ac_cv_path_mkdir=/bin/mkdir
ac_cv_prog_AWK=mawk
ac_cv_prog_CPP='gcc -E'
ac_cv_prog_ac_ct_AR=ar
ac_cv_prog_ac_ct_CC=gcc
ac_cv_prog_ac_ct_MANIFEST_TOOL=mt
ac_cv_prog_ac_ct_OBJDUMP=objdump
ac_cv_prog_ac_ct_RANLIB=ranlib
ac_cv_prog_ac_ct_STRIP=strip
ac_cv_prog_cc_c89=
ac_cv_prog_cc_g=yes
ac_cv_prog_cc_gcc_c_o=yes
ac_cv_prog_make_make_set=yes
ac_cv_search_clock_gettime=-lrt
ac_cv_search_inet_ntop='none required'
ac_cv_search_socket='none required'
ac_cv_type_size_t=yes
ac_cv_type_ssize_t=yes
am_cv_CC_dependencies_compiler_type=gcc3
am_cv_ar_interface=ar
ax_cv_check_cflags__Werror__Wlogical_op=yes
ax_cv_check_cflags__Werror__fdiagnostics_color=no
ax_cv_check_ldflags___Wl___version_script___libcoap_1_map=yes
lt_cv_ar_at_file=@
lt_cv_archive_cmds_need_lc=no
lt_cv_deplibs_check_method=pass_all
lt_cv_file_magic_cmd='$MAGIC_CMD'
lt_cv_file_magic_test_file=
lt_cv_ld_reload_flag=-r
lt_cv_nm_interface='BSD nm'
lt_cv_objdir=.libs
lt_cv_path_LD=/usr/bin/ld
lt_cv_path_NM='/usr/bin/nm -B'
lt_cv_path_mainfest_tool=no
lt_cv_prog_compiler_c_o=yes
lt_cv_prog_compiler_pic='-fPIC -DPIC'
lt_cv_prog_compiler_pic_works=yes
lt_cv_prog_compiler_rtti_exceptions=no
lt_cv_prog_compiler_static_works=yes
lt_cv_prog_gnu_ld=yes
lt_cv_sharedlib_from_linklib_cmd='printf %s\n'
lt_cv_shlibpath_overrides_runpath=no
lt_cv_sys_global_symbol_pipe='sed -n -e '\''s/^.*[	 ]\([ABCDGIRSTW][ABCDGIRSTW]*\)[	 ][	 ]*\([_A-Za-z][_A-Za-z0-9]*\)$/\1 \2 \2/p'\'' | sed '\''/ __gnu_lto/d'\'''
lt_cv_sys_global_symbol_to_c_name_address='sed -n -e '\''s/^: \([^ ]*\)[ ]*$/  {\"\1\", (void *) 0},/p'\'' -e '\''s/^[ABCDGIRSTW]* \([^ ]*\) \([^ ]*\)$/  {"\2", (void *) \&\2},/p'\'''
lt_cv_sys_global_symbol_to_c_name_address_lib_prefix='sed -n -e '\''s/^: \([^ ]*\)[ ]*$/  {\"\1\", (void *) 0},/p'\'' -e '\''s/^[ABCDGIRSTW]* \([^ ]*\) \(lib[^ ]*\)$/  {"\2", (void *) \&\2},/p'\'' -e '\''s/^[ABCDGIRSTW]* \([^ ]*\) \([^ ]*\)$/  {"lib\2", (void *) \&\2},/p'\'''
lt_cv_sys_global_symbol_to_cdecl='sed -n -e '\''s/^T .* \(.*\)$/extern int \1();/p'\'' -e '\''s/^[ABCDGIRSTW]* .* \(.*\)$/extern char \1;/p'\'''
lt_cv_sys_max_cmd_len=1572864
lt_cv_to_host_file_cmd=func_convert_file_noop
lt_cv_to_tool_file_cmd=func_convert_file_noop

## ----------------- ##
## Output variables. ##
## ----------------- ##

A2X=''
ACLOCAL='${SHELL} /home/vmx/Desktop/LibCOAP/libcoap-develop/missing --run aclocal-1.11'
AMDEPBACKSLASH='\'
AMDEP_FALSE='#'
AMDEP_TRUE=''
AMTAR='$${TAR-tar}'
AR='ar'
AUTOCONF='${SHELL} /home/vmx/Desktop/LibCOAP/libcoap-develop/missing --run autoconf'
AUTOHEADER='${SHELL} /home/vmx/Desktop/LibCOAP/libcoap-develop/missing --run autoheader'
AUTOMAKE='${SHELL} /home/vmx/Desktop/LibCOAP/libcoap-develop/missing --run automake-1.11'
AWK='mawk'
BUILD_DOCUMENTATION_FALSE=''
BUILD_DOCUMENTATION_TRUE='#'
BUILD_EXAMPLES_FALSE='#'
BUILD_EXAMPLES_TRUE=''
CC='gcc'
CCDEPMODE='depmode=gcc3'
CFLAGS='-g -O2 -D_GNU_SOURCE -DWITH_POSIX'
CPP='gcc -E'
CPPFLAGS=''
CTAGS_PROG='/usr/bin/ctags'
CUNIT_LIBS=''
CYGPATH_W='echo'
DEFS='-DHAVE_CONFIG_H'
DEPDIR='.deps'
DLLTOOL='false'
DOC_DIR=''
DOT=''
DOXYGEN=''
DSYMUTIL=''
DUMPBIN=''
ECHO_C=''
ECHO_N='-n'
ECHO_T=''
EGREP='/bin/grep -E'
EXEEXT=''
FGREP='/bin/grep -F'
GREP='/bin/grep'
HAVE_CUNIT_FALSE=''
HAVE_CUNIT_TRUE='#'
HAVE_DOT=''
HAVE_DOXYGEN_FALSE=''
HAVE_DOXYGEN_TRUE='#'
INSTALL_DATA='${INSTALL} -m 644'
INSTALL_PROGRAM='${INSTALL}'
INSTALL_SCRIPT='${INSTALL}'
INSTALL_STRIP_PROGRAM='$(install_sh) -c -s'
LD='/usr/bin/ld -m elf_x86_64'
LDFLAGS=''
LIBCOAP_API_VERSION='1'
LIBCOAP_SO_VERSION='0.0.0'
LIBOBJS=''
LIBS='-lrt '
LIBTOOL='$(SHELL) $(top_builddir)/libtool'
LIPO=''
LN_S='ln -s'
LTLIBOBJS=''
LT_LIBCOAP_AGE='0'
LT_LIBCOAP_CURRENT='0'
LT_LIBCOAP_REVISION='0'
MAKEINFO='${SHELL} /home/vmx/Desktop/LibCOAP/libcoap-develop/missing --run makeinfo'
MANIFEST_TOOL=':'
MKDIR_P='/bin/mkdir -p'
NM='/usr/bin/nm -B'
NMEDIT=''
OBJDUMP='objdump'
OBJEXT='o'
OTOOL64=''
OTOOL=''
PACKAGE='libcoap'
PACKAGE_BUGREPORT='libcoap-developers@lists.sourceforge.net'
PACKAGE_NAME='libcoap'
PACKAGE_STRING='libcoap 4.1.2'
PACKAGE_TARNAME='libcoap'
PACKAGE_URL='https://libcoap.net/'
PACKAGE_VERSION='4.1.2'
PATH_SEPARATOR=':'
PREDEFINED_CFLAGS='_GNU_SOURCE WITH_POSIX'
RANLIB='ranlib'
SED='/bin/sed'
SET_MAKE=''
SHELL='/bin/bash'
STRIP='strip'
USE_CALL_GRAPH=''
VERSION='4.1.2'
WARNING_CFLAGS='-pedantic -Wall -Wextra -Wformat-security -Winline -Wmissing-declarations -Wmissing-prototypes -Wnested-externs -Wpointer-arith -Wshadow -Wstrict-prototypes -Wswitch-default -Wswitch-enum -Wunused -Wunused-result  -Wlogical-op'
ac_ct_AR='ar'
ac_ct_CC='gcc'
ac_ct_DUMPBIN=''
am__EXEEXT_FALSE=''
am__EXEEXT_TRUE='#'
am__fastdepCC_FALSE='#'
am__fastdepCC_TRUE=''
am__include='include'
am__isrc=''
am__leading_dot='.'
am__nodep='_no'
am__quote=''
am__tar='$${TAR-tar} chof - "$$tardir"'
am__untar='$${TAR-tar} xf -'
bindir='${exec_prefix}/bin'
build='x86_64-unknown-linux-gnu'
build_alias=''
build_cpu='x86_64'
build_os='linux-gnu'
build_vendor='unknown'
datadir='${datarootdir}'
datarootdir='${prefix}/share'
docdir='${datarootdir}/doc/${PACKAGE_TARNAME}'
dvidir='${docdir}'
exec_prefix='${prefix}'
host='x86_64-unknown-linux-gnu'
host_alias=''
host_cpu='x86_64'
host_os='linux-gnu'
host_vendor='unknown'
htmldir='${docdir}'
includedir='${prefix}/include'
infodir='${datarootdir}/info'
install_sh='${SHELL} /home/vmx/Desktop/LibCOAP/libcoap-develop/install-sh'
libcoap_SYMBOLS='-Wl,--version-script=$(srcdir)/libcoap-$(LIBCOAP_API_VERSION).map'
libdir='${exec_prefix}/lib'
libexecdir='${exec_prefix}/libexec'
localedir='${datarootdir}/locale'
localstatedir='${prefix}/var'
mandir='${datarootdir}/man'
mkdir_p='/bin/mkdir -p'
oldincludedir='/usr/include'
pdfdir='${docdir}'
prefix='/usr/local'
program_transform_name='s,x,x,'
psdir='${docdir}'
sbindir='${exec_prefix}/sbin'
sharedstatedir='${prefix}/com'
sysconfdir='${prefix}/etc'
target_alias=''

## ----------- ##
## confdefs.h. ##
## ----------- ##

/* confdefs.h */
#define PACKAGE_NAME "libcoap"
#define PACKAGE_TARNAME "libcoap"
#define PACKAGE_VERSION "4.1.2"
#define PACKAGE_STRING "libcoap 4.1.2"
#define PACKAGE_BUGREPORT "libcoap-developers@lists.sourceforge.net"
#define PACKAGE_URL "https://libcoap.net/"
#define STDC_HEADERS 1
#define HAVE_SYS_TYPES_H 1
#define HAVE_SYS_STAT_H 1
#define HAVE_STDLIB_H 1
#define HAVE_STRING_H 1
#define HAVE_MEMORY_H 1
#define HAVE_STRINGS_H 1
#define HAVE_INTTYPES_H 1
#define HAVE_STDINT_H 1
#define HAVE_UNISTD_H 1
#define HAVE_DLFCN_H 1
#define LT_OBJDIR ".libs/"
#define HAVE_ASSERT_H 1
#define HAVE_ARPA_INET_H 1
#define HAVE_LIMITS_H 1
#define HAVE_NETDB_H 1
#define HAVE_NETINET_IN_H 1
#define HAVE_STDLIB_H 1
#define HAVE_STRING_H 1
#define HAVE_STRINGS_H 1
#define HAVE_SYS_SOCKET_H 1
#define HAVE_SYS_TIME_H 1
#define HAVE_TIME_H 1
#define HAVE_UNISTD_H 1
#define HAVE_SYS_UNISTD_H 1
#define HAVE_SYSLOG_H 1
#define HAVE_STDLIB_H 1
#define HAVE_MALLOC 1
#define HAVE_MEMSET 1
#define HAVE_SELECT 1
#define HAVE_SOCKET 1
#define HAVE_STRCASECMP 1
#define HAVE_STRRCHR 1
#define HAVE_GETADDRINFO 1
#define HAVE_STRNLEN 1

configure: exit 0
